#
# A fatal error has been detected by the Java Runtime Environment:
#
#  EXCEPTION_ACCESS_VIOLATION (0xc0000005) at pc=0x0000000075848845, pid=3660, tid=16380
#
# JRE version: Java(TM) SE Runtime Environment (8.0_60-b27) (build 1.8.0_60-b27)
# Java VM: Java HotSpot(TM) 64-Bit Server VM (25.60-b23 mixed mode windows-amd64 compressed oops)
# Problematic frame:
# V  [jvm.dll+0x128845]
#
# Failed to write core dump. Minidumps are not enabled by default on client versions of Windows
#
# If you would like to submit a bug report, please visit:
#   http://bugreport.java.com/bugreport/crash.jsp
#

---------------  T H R E A D  ---------------

Current thread (0x0000000016a26800):  JavaThread "JDWP Transport Listener: dt_socket" daemon [_thread_in_vm, id=16380, stack(0x0000000018400000,0x0000000018500000)]

siginfo: ExceptionCode=0xc0000005, reading address 0xffffffffffffffff

Registers:
RAX=0x00000000184ff001, RBX=0x0000000016a26800, RCX=0x6148646f6874654d, RDX=0x0000000000000000
RSP=0x00000000184fefd0, RBP=0x6148646f6874654d, RSI=0x00000000184ff0e8, RDI=0x0000000002f5b780
R8 =0x0000000016a26800, R9 =0x0000000000000001, R10=0x0000000000008000, R11=0x00000000184fef20
R12=0x0000000000000000, R13=0x0000000016a31e08, R14=0x0000000000000000, R15=0x0000000000000000
RIP=0x0000000075848845, EFLAGS=0x0000000000010206

Top of Stack: (sp=0x00000000184fefd0)
0x00000000184fefd0:   0000000016a26800 0000000016a26800
0x00000000184fefe0:   00000000184ff098 0000000075a4e18b
0x00000000184feff0:   0000000016a26800 0000000075a6a9ed
0x00000000184ff000:   0000000000000000 0000000075509155
0x00000000184ff010:   000000001a72d580 000000007551291e
0x00000000184ff020:   0000000016a26800 0000000000000000
0x00000000184ff030:   0000000000000000 0000000000000000
0x00000000184ff040:   6148646f6874654d 0000000075511a15
0x00000000184ff050:   00000000184ff0e8 00000000184ff0c0
0x00000000184ff060:   0000000000000001 000000001a72d580
0x00000000184ff070:   6148646f6874654d 00000000754f53b3
0x00000000184ff080:   00000000184ff1b0 0000000000000001
0x00000000184ff090:   0000000000000001 000000001a72d580
0x00000000184ff0a0:   000000000000000a 0000000000000000
0x00000000184ff0b0:   0000000000000000 0000000000000000
0x00000000184ff0c0:   0000000000000001 00000000754f5571 

Instructions: (pc=0x0000000075848845)
0x0000000075848825:   cc cc cc cc cc cc cc cc cc cc cc 48 83 ec 28 48
0x0000000075848835:   85 c9 75 07 33 c0 48 83 c4 28 c3 48 89 5c 24 20
0x0000000075848845:   48 8b 19 48 85 db 74 20 48 83 fb 37 74 1a 48 8b
0x0000000075848855:   13 48 8b cb ff 52 10 84 c0 74 0d 48 8b c3 48 8b 


Register to memory mapping:

RAX=0x00000000184ff001 is pointing into the stack for thread: 0x0000000016a26800
RBX=0x0000000016a26800 is a thread
RCX=0x6148646f6874654d is an unknown value
RDX=0x0000000000000000 is an unknown value
RSP=0x00000000184fefd0 is pointing into the stack for thread: 0x0000000016a26800
RBP=0x6148646f6874654d is an unknown value
RSI=0x00000000184ff0e8 is pointing into the stack for thread: 0x0000000016a26800
RDI=0x0000000002f5b780 is an unknown value
R8 =0x0000000016a26800 is a thread
R9 =0x0000000000000001 is an unknown value
R10=0x0000000000008000 is an unknown value
R11=0x00000000184fef20 is pointing into the stack for thread: 0x0000000016a26800
R12=0x0000000000000000 is an unknown value
R13=0x0000000016a31e08 is an unknown value
R14=0x0000000000000000 is an unknown value
R15=0x0000000000000000 is an unknown value


Stack: [0x0000000018400000,0x0000000018500000],  sp=0x00000000184fefd0,  free space=1019k
Native frames: (J=compiled Java code, j=interpreted, Vv=VM code, C=native code)
V  [jvm.dll+0x128845]
V  [jvm.dll+0x34a9ed]
C  [jdwp.dll+0x21a15]
C  [jdwp.dll+0x53b3]
C  [jdwp.dll+0x5571]
C  [jdwp.dll+0xf0a8]
C  [jdwp.dll+0x1f2d5]
C  [jdwp.dll+0x1f4aa]
V  [jvm.dll+0x1bb8e8]
V  [jvm.dll+0x243134]
V  [jvm.dll+0x299f6a]
C  [msvcr100.dll+0x21d9f]
C  [msvcr100.dll+0x21e3b]
C  [KERNEL32.DLL+0x17bd4]
C  [ntdll.dll+0x6ce71]


---------------  P R O C E S S  ---------------

Java Threads: ( => current thread )
  0x0000000003063800 JavaThread "DestroyJavaVM" [_thread_blocked, id=16336, stack(0x0000000002f60000,0x0000000003060000)]
  0x00000000196b7000 JavaThread "pool-1-thread-1" [_thread_blocked, id=7656, stack(0x000000001b0d0000,0x000000001b1d0000)]
  0x0000000019462000 JavaThread "Abandoned connection cleanup thread" daemon [_thread_blocked, id=13996, stack(0x000000001abd0000,0x000000001acd0000)]
  0x0000000016a7e800 JavaThread "Service Thread" daemon [_thread_blocked, id=15216, stack(0x0000000018e00000,0x0000000018f00000)]
  0x0000000016a4e800 JavaThread "C1 CompilerThread2" daemon [_thread_blocked, id=6508, stack(0x0000000018900000,0x0000000018a00000)]
  0x0000000016a4b000 JavaThread "C2 CompilerThread1" daemon [_thread_blocked, id=15536, stack(0x0000000018800000,0x0000000018900000)]
  0x0000000016a46000 JavaThread "C2 CompilerThread0" daemon [_thread_blocked, id=6504, stack(0x0000000018700000,0x0000000018800000)]
  0x0000000016a3b000 JavaThread "JDWP Command Reader" daemon [_thread_in_native, id=1288, stack(0x0000000018600000,0x0000000018700000)]
  0x0000000016a37800 JavaThread "JDWP Event Helper Thread" daemon [_thread_blocked, id=9100, stack(0x0000000018500000,0x0000000018600000)]
=>0x0000000016a26800 JavaThread "JDWP Transport Listener: dt_socket" daemon [_thread_in_vm, id=16380, stack(0x0000000018400000,0x0000000018500000)]
  0x0000000016a1f800 JavaThread "Attach Listener" daemon [_thread_blocked, id=15684, stack(0x0000000017fc0000,0x00000000180c0000)]
  0x0000000016a1e000 JavaThread "Signal Dispatcher" daemon [_thread_blocked, id=7084, stack(0x0000000017ec0000,0x0000000017fc0000)]
  0x0000000003158000 JavaThread "Finalizer" daemon [_thread_blocked, id=1368, stack(0x0000000017ca0000,0x0000000017da0000)]
  0x000000000314f000 JavaThread "Reference Handler" daemon [_thread_blocked, id=1440, stack(0x0000000017ba0000,0x0000000017ca0000)]

Other Threads:
  0x00000000169e8000 VMThread [stack: 0x0000000017aa0000,0x0000000017ba0000] [id=6184]
  0x0000000018a77000 WatcherThread [stack: 0x0000000018f00000,0x0000000019000000] [id=8980]

VM state:not at safepoint (normal execution)

VM Mutex/Monitor currently owned by a thread: None

Heap:
 PSYoungGen      total 28672K, used 23683K [0x00000000e0700000, 0x00000000e2700000, 0x0000000100000000)
  eden space 24576K, 96% used [0x00000000e0700000,0x00000000e1e20c10,0x00000000e1f00000)
  from space 4096K, 0% used [0x00000000e2300000,0x00000000e2300000,0x00000000e2700000)
  to   space 4096K, 0% used [0x00000000e1f00000,0x00000000e1f00000,0x00000000e2300000)
 ParOldGen       total 46080K, used 5633K [0x00000000a1400000, 0x00000000a4100000, 0x00000000e0700000)
  object space 46080K, 12% used [0x00000000a1400000,0x00000000a1980610,0x00000000a4100000)
 Metaspace       used 25446K, capacity 25752K, committed 26240K, reserved 1073152K
  class space    used 3269K, capacity 3373K, committed 3456K, reserved 1048576K

Card table byte_map: [0x0000000012520000,0x0000000012820000] byte_map_base: 0x0000000012016000

Marking Bits: (ParMarkBitMap*) 0x0000000075f2a5b0
 Begin Bits: [0x0000000012e20000, 0x00000000145d0000)
 End Bits:   [0x00000000145d0000, 0x0000000015d80000)

Polling page: 0x0000000001820000

CodeCache: size=245760Kb used=4914Kb max_used=4914Kb free=240845Kb
 bounds [0x0000000003160000, 0x0000000003630000, 0x0000000012160000]
 total_blobs=1893 nmethods=1414 adapters=400
 compilation: enabled

Compilation events (10 events):
Event: 15364.624 Thread 0x0000000016a4e800 1409       3       org.hibernate.engine.jdbc.connections.internal.DriverManagerConnectionProviderImpl$1::run (11 bytes)
Event: 15364.624 Thread 0x0000000016a4e800 nmethod 1409 0x000000000362c3d0 code [0x000000000362c540, 0x000000000362c708]
Event: 15364.624 Thread 0x0000000016a4e800 1410       3       org.hibernate.engine.jdbc.connections.internal.PooledConnections::validate (108 bytes)
Event: 15364.687 Thread 0x0000000016a4e800 nmethod 1410 0x000000000362c810 code [0x000000000362ca60, 0x000000000362d788]
Event: 15364.687 Thread 0x0000000016a4e800 1411       3       org.hibernate.engine.jdbc.connections.internal.PooledConnections::size (8 bytes)
Event: 15364.687 Thread 0x0000000016a4e800 nmethod 1411 0x000000000362ddd0 code [0x000000000362df40, 0x000000000362e0e8]
Event: 19204.723 Thread 0x0000000016a4e800 1416       3       java.util.concurrent.ScheduledThreadPoolExecutor$ScheduledFutureTask::setNextRunTime (38 bytes)
Event: 19204.723 Thread 0x0000000016a4e800 nmethod 1416 0x000000000362e1d0 code [0x000000000362e360, 0x000000000362e788]
Event: 19204.723 Thread 0x0000000016a4e800 1417       3       java.util.concurrent.ScheduledThreadPoolExecutor::reExecutePeriodic (51 bytes)
Event: 19204.724 Thread 0x0000000016a4e800 nmethod 1417 0x000000000362e910 code [0x000000000362eb20, 0x000000000362f868]

GC Heap History (10 events):
Event: 1.275 GC heap before
{Heap before GC invocations=1 (full 0):
 PSYoungGen      total 28672K, used 24572K [0x00000000e0700000, 0x00000000e2700000, 0x0000000100000000)
  eden space 24576K, 99% used [0x00000000e0700000,0x00000000e1eff358,0x00000000e1f00000)
  from space 4096K, 0% used [0x00000000e2300000,0x00000000e2300000,0x00000000e2700000)
  to   space 4096K, 0% used [0x00000000e1f00000,0x00000000e1f00000,0x00000000e2300000)
 ParOldGen       total 65536K, used 0K [0x00000000a1400000, 0x00000000a5400000, 0x00000000e0700000)
  object space 65536K, 0% used [0x00000000a1400000,0x00000000a1400000,0x00000000a5400000)
 Metaspace       used 2789K, capacity 4490K, committed 4864K, reserved 1056768K
  class space    used 301K, capacity 386K, committed 512K, reserved 1048576K
Event: 1.277 GC heap after
Heap after GC invocations=1 (full 0):
 PSYoungGen      total 28672K, used 689K [0x00000000e0700000, 0x00000000e2700000, 0x0000000100000000)
  eden space 24576K, 0% used [0x00000000e0700000,0x00000000e0700000,0x00000000e1f00000)
  from space 4096K, 16% used [0x00000000e1f00000,0x00000000e1fac648,0x00000000e2300000)
  to   space 4096K, 0% used [0x00000000e2300000,0x00000000e2300000,0x00000000e2700000)
 ParOldGen       total 65536K, used 8K [0x00000000a1400000, 0x00000000a5400000, 0x00000000e0700000)
  object space 65536K, 0% used [0x00000000a1400000,0x00000000a1402000,0x00000000a5400000)
 Metaspace       used 2789K, capacity 4490K, committed 4864K, reserved 1056768K
  class space    used 301K, capacity 386K, committed 512K, reserved 1048576K
}
Event: 3.250 GC heap before
{Heap before GC invocations=2 (full 0):
 PSYoungGen      total 28672K, used 25265K [0x00000000e0700000, 0x00000000e2700000, 0x0000000100000000)
  eden space 24576K, 100% used [0x00000000e0700000,0x00000000e1f00000,0x00000000e1f00000)
  from space 4096K, 16% used [0x00000000e1f00000,0x00000000e1fac648,0x00000000e2300000)
  to   space 4096K, 0% used [0x00000000e2300000,0x00000000e2300000,0x00000000e2700000)
 ParOldGen       total 65536K, used 8K [0x00000000a1400000, 0x00000000a5400000, 0x00000000e0700000)
  object space 65536K, 0% used [0x00000000a1400000,0x00000000a1402000,0x00000000a5400000)
 Metaspace       used 13638K, capacity 13884K, committed 14208K, reserved 1060864K
  class space    used 1767K, capacity 1850K, committed 1920K, reserved 1048576K
Event: 3.265 GC heap after
Heap after GC invocations=2 (full 0):
 PSYoungGen      total 28672K, used 4078K [0x00000000e0700000, 0x00000000e2700000, 0x0000000100000000)
  eden space 24576K, 0% used [0x00000000e0700000,0x00000000e0700000,0x00000000e1f00000)
  from space 4096K, 99% used [0x00000000e2300000,0x00000000e26fbbb0,0x00000000e2700000)
  to   space 4096K, 0% used [0x00000000e1f00000,0x00000000e1f00000,0x00000000e2300000)
 ParOldGen       total 65536K, used 1206K [0x00000000a1400000, 0x00000000a5400000, 0x00000000e0700000)
  object space 65536K, 1% used [0x00000000a1400000,0x00000000a152db78,0x00000000a5400000)
 Metaspace       used 13638K, capacity 13884K, committed 14208K, reserved 1060864K
  class space    used 1767K, capacity 1850K, committed 1920K, reserved 1048576K
}
Event: 5.036 GC heap before
{Heap before GC invocations=3 (full 0):
 PSYoungGen      total 28672K, used 28654K [0x00000000e0700000, 0x00000000e2700000, 0x0000000100000000)
  eden space 24576K, 100% used [0x00000000e0700000,0x00000000e1f00000,0x00000000e1f00000)
  from space 4096K, 99% used [0x00000000e2300000,0x00000000e26fbbb0,0x00000000e2700000)
  to   space 4096K, 0% used [0x00000000e1f00000,0x00000000e1f00000,0x00000000e2300000)
 ParOldGen       total 65536K, used 1206K [0x00000000a1400000, 0x00000000a5400000, 0x00000000e0700000)
  object space 65536K, 1% used [0x00000000a1400000,0x00000000a152db78,0x00000000a5400000)
 Metaspace       used 20041K, capacity 20354K, committed 20608K, reserved 1067008K
  class space    used 2540K, capacity 2619K, committed 2688K, reserved 1048576K
Event: 5.051 GC heap after
Heap after GC invocations=3 (full 0):
 PSYoungGen      total 28672K, used 4082K [0x00000000e0700000, 0x00000000e2700000, 0x0000000100000000)
  eden space 24576K, 0% used [0x00000000e0700000,0x00000000e0700000,0x00000000e1f00000)
  from space 4096K, 99% used [0x00000000e1f00000,0x00000000e22fc950,0x00000000e2300000)
  to   space 4096K, 0% used [0x00000000e2300000,0x00000000e2300000,0x00000000e2700000)
 ParOldGen       total 65536K, used 5199K [0x00000000a1400000, 0x00000000a5400000, 0x00000000e0700000)
  object space 65536K, 7% used [0x00000000a1400000,0x00000000a1913f40,0x00000000a5400000)
 Metaspace       used 20041K, capacity 20354K, committed 20608K, reserved 1067008K
  class space    used 2540K, capacity 2619K, committed 2688K, reserved 1048576K
}
Event: 5.349 GC heap before
{Heap before GC invocations=4 (full 0):
 PSYoungGen      total 28672K, used 10090K [0x00000000e0700000, 0x00000000e2700000, 0x0000000100000000)
  eden space 24576K, 24% used [0x00000000e0700000,0x00000000e0cde1b0,0x00000000e1f00000)
  from space 4096K, 99% used [0x00000000e1f00000,0x00000000e22fc950,0x00000000e2300000)
  to   space 4096K, 0% used [0x00000000e2300000,0x00000000e2300000,0x00000000e2700000)
 ParOldGen       total 65536K, used 5199K [0x00000000a1400000, 0x00000000a5400000, 0x00000000e0700000)
  object space 65536K, 7% used [0x00000000a1400000,0x00000000a1913f40,0x00000000a5400000)
 Metaspace       used 20799K, capacity 21028K, committed 21248K, reserved 1067008K
  class space    used 2636K, capacity 2717K, committed 2816K, reserved 1048576K
Event: 5.356 GC heap after
Heap after GC invocations=4 (full 0):
 PSYoungGen      total 28672K, used 4082K [0x00000000e0700000, 0x00000000e2700000, 0x0000000100000000)
  eden space 24576K, 0% used [0x00000000e0700000,0x00000000e0700000,0x00000000e1f00000)
  from space 4096K, 99% used [0x00000000e2300000,0x00000000e26fc970,0x00000000e2700000)
  to   space 4096K, 0% used [0x00000000e1f00000,0x00000000e1f00000,0x00000000e2300000)
 ParOldGen       total 65536K, used 6080K [0x00000000a1400000, 0x00000000a5400000, 0x00000000e0700000)
  object space 65536K, 9% used [0x00000000a1400000,0x00000000a19f00f0,0x00000000a5400000)
 Metaspace       used 20799K, capacity 21028K, committed 21248K, reserved 1067008K
  class space    used 2636K, capacity 2717K, committed 2816K, reserved 1048576K
}
Event: 5.356 GC heap before
{Heap before GC invocations=5 (full 1):
 PSYoungGen      total 28672K, used 4082K [0x00000000e0700000, 0x00000000e2700000, 0x0000000100000000)
  eden space 24576K, 0% used [0x00000000e0700000,0x00000000e0700000,0x00000000e1f00000)
  from space 4096K, 99% used [0x00000000e2300000,0x00000000e26fc970,0x00000000e2700000)
  to   space 4096K, 0% used [0x00000000e1f00000,0x00000000e1f00000,0x00000000e2300000)
 ParOldGen       total 65536K, used 6080K [0x00000000a1400000, 0x00000000a5400000, 0x00000000e0700000)
  object space 65536K, 9% used [0x00000000a1400000,0x00000000a19f00f0,0x00000000a5400000)
 Metaspace       used 20799K, capacity 21028K, committed 21248K, reserved 1067008K
  class space    used 2636K, capacity 2717K, committed 2816K, reserved 1048576K
Event: 5.398 GC heap after
Heap after GC invocations=5 (full 1):
 PSYoungGen      total 28672K, used 0K [0x00000000e0700000, 0x00000000e2700000, 0x0000000100000000)
  eden space 24576K, 0% used [0x00000000e0700000,0x00000000e0700000,0x00000000e1f00000)
  from space 4096K, 0% used [0x00000000e2300000,0x00000000e2300000,0x00000000e2700000)
  to   space 4096K, 0% used [0x00000000e1f00000,0x00000000e1f00000,0x00000000e2300000)
 ParOldGen       total 46080K, used 5633K [0x00000000a1400000, 0x00000000a4100000, 0x00000000e0700000)
  object space 46080K, 12% used [0x00000000a1400000,0x00000000a1980610,0x00000000a4100000)
 Metaspace       used 20799K, capacity 21028K, committed 21248K, reserved 1067008K
  class space    used 2636K, capacity 2717K, committed 2816K, reserved 1048576K
}

Deoptimization events (10 events):
Event: 5.557 Thread 0x0000000003063800 Uncommon trap: reason=bimorphic action=maybe_recompile pc=0x00000000034b37d0 method=java.util.HashMap.putVal(ILjava/lang/Object;Ljava/lang/Object;ZZ)Ljava/lang/Object; @ 203
Event: 5.562 Thread 0x0000000003063800 Uncommon trap: reason=bimorphic action=maybe_recompile pc=0x00000000034b37d0 method=java.util.HashMap.putVal(ILjava/lang/Object;Ljava/lang/Object;ZZ)Ljava/lang/Object; @ 203
Event: 5.567 Thread 0x0000000003063800 Uncommon trap: reason=bimorphic action=maybe_recompile pc=0x00000000034b37d0 method=java.util.HashMap.putVal(ILjava/lang/Object;Ljava/lang/Object;ZZ)Ljava/lang/Object; @ 203
Event: 5.567 Thread 0x0000000003063800 Uncommon trap: reason=range_check action=none pc=0x00000000033d4edc method=sun.reflect.generics.parser.SignatureParser.current()C @ 34
Event: 5.567 Thread 0x0000000003063800 Uncommon trap: reason=range_check action=none pc=0x00000000033d4edc method=sun.reflect.generics.parser.SignatureParser.current()C @ 34
Event: 5.845 Thread 0x0000000003063800 Uncommon trap: reason=unstable_if action=reinterpret pc=0x00000000035cb228 method=java.util.HashMap.putVal(ILjava/lang/Object;Ljava/lang/Object;ZZ)Ljava/lang/Object; @ 162
Event: 5.845 Thread 0x0000000003063800 Uncommon trap: reason=unstable_if action=reinterpret pc=0x0000000003406c94 method=java.util.HashMap.getNode(ILjava/lang/Object;)Ljava/util/HashMap$Node; @ 84
Event: 5.845 Thread 0x0000000003063800 Uncommon trap: reason=unstable_if action=reinterpret pc=0x00000000033fda88 method=java.util.HashMap.getNode(ILjava/lang/Object;)Ljava/util/HashMap$Node; @ 84
Event: 6.296 Thread 0x0000000003063800 Uncommon trap: reason=unstable_if action=reinterpret pc=0x00000000033ff324 method=java.lang.CharacterDataLatin1.isWhitespace(I)Z @ 14
Event: 6.296 Thread 0x0000000003063800 Uncommon trap: reason=unstable_if action=reinterpret pc=0x0000000003591e0c method=java.lang.String.regionMatches(ZILjava/lang/String;II)Z @ 123

Internal exceptions (10 events):
Event: 2.604 Thread 0x0000000003063800 Implicit null exception at 0x000000000337c599 to 0x000000000337c9fd
Event: 3.193 Thread 0x0000000003063800 Implicit null exception at 0x000000000336a619 to 0x000000000336aa35
Event: 5.239 Thread 0x0000000003063800 Exception <a 'java/lang/ArrayIndexOutOfBoundsException': 128> (0x00000000e0a53440) thrown at [C:\re\workspace\8-2-build-windows-amd64-cygwin\jdk8u60\4407\hotspot\src\share\vm\interpreter\interpreterRuntime.cpp, line 366]
Event: 5.241 Thread 0x0000000003063800 Exception <a 'java/lang/ArrayIndexOutOfBoundsException': 65> (0x00000000e0a57200) thrown at [C:\re\workspace\8-2-build-windows-amd64-cygwin\jdk8u60\4407\hotspot\src\share\vm\interpreter\interpreterRuntime.cpp, line 366]
Event: 5.244 Thread 0x0000000003063800 Exception <a 'java/lang/ArrayIndexOutOfBoundsException': 94> (0x00000000e0a58400) thrown at [C:\re\workspace\8-2-build-windows-amd64-cygwin\jdk8u60\4407\hotspot\src\share\vm\interpreter\interpreterRuntime.cpp, line 366]
Event: 5.251 Thread 0x0000000003063800 Exception <a 'java/lang/ArrayIndexOutOfBoundsException': 40> (0x00000000e0a5d900) thrown at [C:\re\workspace\8-2-build-windows-amd64-cygwin\jdk8u60\4407\hotspot\src\share\vm\interpreter\interpreterRuntime.cpp, line 366]
Event: 5.252 Thread 0x0000000003063800 Exception <a 'java/lang/ArrayIndexOutOfBoundsException': 112> (0x00000000e0a656f0) thrown at [C:\re\workspace\8-2-build-windows-amd64-cygwin\jdk8u60\4407\hotspot\src\share\vm\interpreter\interpreterRuntime.cpp, line 366]
Event: 5.253 Thread 0x0000000003063800 Exception <a 'java/lang/ArrayIndexOutOfBoundsException': 40> (0x00000000e0a66858) thrown at [C:\re\workspace\8-2-build-windows-amd64-cygwin\jdk8u60\4407\hotspot\src\share\vm\interpreter\interpreterRuntime.cpp, line 366]
Event: 5.567 Thread 0x0000000003063800 Exception <a 'java/lang/ArrayIndexOutOfBoundsException': 22> (0x00000000e0b9eae8) thrown at [C:\re\workspace\8-2-build-windows-amd64-cygwin\jdk8u60\4407\hotspot\src\share\vm\interpreter\interpreterRuntime.cpp, line 366]
Event: 5.567 Thread 0x0000000003063800 Exception <a 'java/lang/ArrayIndexOutOfBoundsException': 160> (0x00000000e0ba07a0) thrown at [C:\re\workspace\8-2-build-windows-amd64-cygwin\jdk8u60\4407\hotspot\src\share\vm\interpreter\interpreterRuntime.cpp, line 366]

Events (10 events):
Event: 1632.192 Executing VM operation: RedefineClasses
Event: 1632.217 Executing VM operation: RedefineClasses done
Event: 1632.240 Executing VM operation: ChangeBreakpoints
Event: 1632.241 Executing VM operation: ChangeBreakpoints done
Event: 1632.274 Executing VM operation: ChangeBreakpoints
Event: 1632.275 Executing VM operation: ChangeBreakpoints done
Event: 29044.501 Executing VM operation: ChangeBreakpoints
Event: 29044.503 Executing VM operation: ChangeBreakpoints done
Event: 29058.895 Executing VM operation: RedefineClasses
Event: 29059.005 Executing VM operation: RedefineClasses done


Dynamic libraries:
0x00007ff641880000 - 0x00007ff6418b7000 	C:\Program Files\Java\jdk1.8.0_60\bin\javaw.exe
0x00007ffe93960000 - 0x00007ffe93b50000 	C:\WINDOWS\SYSTEM32\ntdll.dll
0x00007ffe91ac0000 - 0x00007ffe91b72000 	C:\WINDOWS\System32\KERNEL32.DLL
0x00007ffe91760000 - 0x00007ffe91a03000 	C:\WINDOWS\System32\KERNELBASE.dll
0x00007ffe920f0000 - 0x00007ffe92193000 	C:\WINDOWS\System32\ADVAPI32.dll
0x00007ffe93110000 - 0x00007ffe931ae000 	C:\WINDOWS\System32\msvcrt.dll
0x00007ffe929b0000 - 0x00007ffe92a47000 	C:\WINDOWS\System32\sechost.dll
0x00007ffe92f00000 - 0x00007ffe93020000 	C:\WINDOWS\System32\RPCRT4.dll
0x00007ffe92240000 - 0x00007ffe923d3000 	C:\WINDOWS\System32\USER32.dll
0x00007ffe90d80000 - 0x00007ffe90da1000 	C:\WINDOWS\System32\win32u.dll
0x00007ffe921a0000 - 0x00007ffe921c6000 	C:\WINDOWS\System32\GDI32.dll
0x00007ffe915c0000 - 0x00007ffe91754000 	C:\WINDOWS\System32\gdi32full.dll
0x00007ffe90ce0000 - 0x00007ffe90d7e000 	C:\WINDOWS\System32\msvcp_win.dll
0x00007ffe908f0000 - 0x00007ffe909ea000 	C:\WINDOWS\System32\ucrtbase.dll
0x00007ffe858c0000 - 0x00007ffe85b45000 	C:\WINDOWS\WinSxS\amd64_microsoft.windows.common-controls_6595b64144ccf1df_6.0.18362.295_none_e6c3acbd13101292\COMCTL32.dll
0x00007ffe91b80000 - 0x00007ffe91eb6000 	C:\WINDOWS\System32\combase.dll
0x00007ffe90a10000 - 0x00007ffe90a90000 	C:\WINDOWS\System32\bcryptPrimitives.dll
0x00007ffe93020000 - 0x00007ffe9304e000 	C:\WINDOWS\System32\IMM32.DLL
0x0000000075fb0000 - 0x0000000076082000 	C:\Program Files\Java\jdk1.8.0_60\jre\bin\msvcr100.dll
0x0000000075720000 - 0x0000000075fa9000 	C:\Program Files\Java\jdk1.8.0_60\jre\bin\server\jvm.dll
0x00007ffe92ef0000 - 0x00007ffe92ef8000 	C:\WINDOWS\System32\PSAPI.DLL
0x00007ffe89800000 - 0x00007ffe89824000 	C:\WINDOWS\SYSTEM32\WINMM.dll
0x00007ffe80270000 - 0x00007ffe8027a000 	C:\WINDOWS\SYSTEM32\VERSION.dll
0x00007ffe895c0000 - 0x00007ffe895ed000 	C:\WINDOWS\SYSTEM32\winmmbase.dll
0x00007ffe90b40000 - 0x00007ffe90b8a000 	C:\WINDOWS\System32\cfgmgr32.dll
0x00007ffe80330000 - 0x00007ffe80339000 	C:\WINDOWS\SYSTEM32\WSOCK32.dll
0x00007ffe92ab0000 - 0x00007ffe92b1f000 	C:\WINDOWS\System32\WS2_32.dll
0x00000000764b0000 - 0x00000000764bf000 	C:\Program Files\Java\jdk1.8.0_60\jre\bin\verify.dll
0x0000000076480000 - 0x00000000764a9000 	C:\Program Files\Java\jdk1.8.0_60\jre\bin\java.dll
0x00000000754f0000 - 0x0000000075525000 	C:\Program Files\Java\jdk1.8.0_60\jre\bin\jdwp.dll
0x00000000754e0000 - 0x00000000754e8000 	C:\Program Files\Java\jdk1.8.0_60\jre\bin\npt.dll
0x0000000076460000 - 0x0000000076476000 	C:\Program Files\Java\jdk1.8.0_60\jre\bin\zip.dll
0x00007ffe931b0000 - 0x00007ffe93892000 	C:\WINDOWS\System32\SHELL32.dll
0x00007ffe93060000 - 0x00007ffe93109000 	C:\WINDOWS\System32\shcore.dll
0x00007ffe90de0000 - 0x00007ffe9155c000 	C:\WINDOWS\System32\windows.storage.dll
0x00007ffe908d0000 - 0x00007ffe908ef000 	C:\WINDOWS\System32\profapi.dll
0x00007ffe90840000 - 0x00007ffe9088a000 	C:\WINDOWS\System32\powrprof.dll
0x00007ffe90830000 - 0x00007ffe90840000 	C:\WINDOWS\System32\UMPDC.dll
0x00007ffe921e0000 - 0x00007ffe92232000 	C:\WINDOWS\System32\shlwapi.dll
0x00007ffe908b0000 - 0x00007ffe908c1000 	C:\WINDOWS\System32\kernel.appcore.dll
0x00007ffe909f0000 - 0x00007ffe90a07000 	C:\WINDOWS\System32\cryptsp.dll
0x00000000754d0000 - 0x00000000754d9000 	C:\Program Files\Java\jdk1.8.0_60\jre\bin\dt_socket.dll
0x00007ffe7d8a0000 - 0x00007ffe7d8b6000 	C:\WINDOWS\system32\napinsp.dll
0x00007ffe7d680000 - 0x00007ffe7d69a000 	C:\WINDOWS\system32\pnrpnsp.dll
0x00007ffe900a0000 - 0x00007ffe90107000 	C:\WINDOWS\System32\mswsock.dll
0x00007ffe8fdf0000 - 0x00007ffe8feba000 	C:\WINDOWS\SYSTEM32\DNSAPI.dll
0x00007ffe93050000 - 0x00007ffe93058000 	C:\WINDOWS\System32\NSI.dll
0x00007ffe8fdb0000 - 0x00007ffe8fdea000 	C:\WINDOWS\SYSTEM32\IPHLPAPI.DLL
0x00007ffe7d890000 - 0x00007ffe7d89e000 	C:\WINDOWS\System32\winrnr.dll
0x00007ffe8d3b0000 - 0x00007ffe8d3cc000 	C:\WINDOWS\system32\NLAapi.dll
0x00007ffe7d500000 - 0x00007ffe7d515000 	C:\WINDOWS\system32\wshbth.dll
0x00007ffe8d3d0000 - 0x00007ffe8d447000 	C:\WINDOWS\System32\fwpuclnt.dll
0x00007ffe90db0000 - 0x00007ffe90dd6000 	C:\WINDOWS\System32\bcrypt.dll
0x00007ffe8a8b0000 - 0x00007ffe8a8ba000 	C:\Windows\System32\rasadhlp.dll
0x0000000076440000 - 0x000000007645a000 	C:\Program Files\Java\jdk1.8.0_60\jre\bin\net.dll
0x00007ffe8fc10000 - 0x00007ffe8fc43000 	C:\WINDOWS\system32\rsaenh.dll
0x00007ffe90720000 - 0x00007ffe90745000 	C:\WINDOWS\SYSTEM32\USERENV.dll
0x00007ffe90270000 - 0x00007ffe9027c000 	C:\WINDOWS\SYSTEM32\CRYPTBASE.dll
0x00007ffe8d4d0000 - 0x00007ffe8d4e6000 	C:\WINDOWS\SYSTEM32\dhcpcsvc6.DLL
0x00007ffe8d4b0000 - 0x00007ffe8d4cc000 	C:\WINDOWS\SYSTEM32\dhcpcsvc.DLL
0x0000000076420000 - 0x0000000076431000 	C:\Program Files\Java\jdk1.8.0_60\jre\bin\nio.dll
0x00007ffe893c0000 - 0x00007ffe895b4000 	C:\WINDOWS\SYSTEM32\dbghelp.dll

VM Arguments:
jvm_args: -agentlib:jdwp=transport=dt_socket,suspend=y,address=localhost:58230 -Dfile.encoding=UTF-8 
java_command: com.persistencia2.test.Test
java_class_path (initial): C:\ROBERTO\desarrollo\eclipse-mars-wkspace-2\abraham-persistencia-2\target\classes;C:\Users\Roberto\.m2\repository\org\hibernate\hibernate-core\5.2.1.Final\hibernate-core-5.2.1.Final.jar;C:\Users\Roberto\.m2\repository\org\jboss\logging\jboss-logging\3.3.0.Final\jboss-logging-3.3.0.Final.jar;C:\Users\Roberto\.m2\repository\org\hibernate\javax\persistence\hibernate-jpa-2.1-api\1.0.0.Final\hibernate-jpa-2.1-api-1.0.0.Final.jar;C:\Users\Roberto\.m2\repository\org\javassist\javassist\3.20.0-GA\javassist-3.20.0-GA.jar;C:\Users\Roberto\.m2\repository\antlr\antlr\2.7.7\antlr-2.7.7.jar;C:\Users\Roberto\.m2\repository\org\apache\geronimo\specs\geronimo-jta_1.1_spec\1.1.1\geronimo-jta_1.1_spec-1.1.1.jar;C:\Users\Roberto\.m2\repository\org\jboss\jandex\2.0.0.Final\jandex-2.0.0.Final.jar;C:\Users\Roberto\.m2\repository\com\fasterxml\classmate\1.3.0\classmate-1.3.0.jar;C:\Users\Roberto\.m2\repository\dom4j\dom4j\1.6.1\dom4j-1.6.1.jar;C:\Users\Roberto\.m2\repository\org\hibernate\common\hibernate-commons-annotations\5.0.1.Final\hibernate-commons-annotations-5.0.1.Final.jar;C:\Users\Roberto\.m2\repository\javax\enterprise\cdi-api\1.1-PFD\cdi-api-1.1-PFD.jar;C:\Users\Roberto\.m2\repository\javax\el\el-api\2.2\el-api-2.2.jar;C:\Users\Roberto\.m2\repository\org\jboss\spec\javax\interceptor\jboss-interceptors-api_1.1_spec\1.0.0.Beta1\jboss-interceptors-api_1.1_spec-1.0.0.Beta1.jar;C:\Users\Roberto\.m2\repository\javax\annotation\jsr250-api\1.0\jsr250-api-1.0.jar;C:\Users\Roberto\.m2\repository\javax\inject\javax.inject\1\javax.inject-1.jar;C:\Users\Roberto\.m2\repository\org\hibernate\hibernate-validator\5.2.4.Final\hibernate-validator-5.2.4.Final.jar;C:\Users\Roberto\.m2\repository\javax\validation\validation-api\1.1.0.Final\validation-api-1.1.0.Final.jar;C:\Users\Roberto\.m2\repository\org\hibernate\hibernate-entitymanager\5.2.1.Final\hibernate-entitymanager-5.2.1.Final.jar;C:\Users\Roberto\.m2\repository\mysql\mysql-connector-java\5.1.39\mysql-connector
Launcher Type: SUN_STANDARD

Environment Variables:
JAVA_HOME=C:\Program Files\Java\jdk1.8.0_60
PATH=C:\Program Files\Java\jdk1.8.0_60\jre\bin;C:\Program Files (x86)\Common Files\Oracle\Java\javapath;C:\ProgramData\Oracle\Java\javapath;C:\Program Files\Common Files\Microsoft Shared\Windows Live;C:\Program Files (x86)\Common Files\Microsoft Shared\Windows Live;C:\WINDOWS\system32;C:\WINDOWS;C:\WINDOWS\System32\Wbem;C:\WINDOWS\System32\WindowsPowerShell\v1.0\;C:\Program Files\Lenovo\Bluetooth Software\;C:\Program Files\Lenovo\Bluetooth Software\syswow64;C:\Program Files (x86)\EgisTec BioExcess\x64;C:\Program Files (x86)\EgisTec BioExcess\;C:\Program Files (x86)\EgisTec Port Locker\x64;C:\Program Files (x86)\EgisTec Port Locker\;C:\Program Files (x86)\Windows Live\Shared;C:\Program Files (x86)\MySQL\MySQL Utilities 1.3.6\;C:\Program Files (x86)\Skype\Phone\;C:\Program Files\VDownloader;C:\Program Files (x86)\Calibre2\;C:\WINDOWS\System32\OpenSSH\;C:\ROBERTO\desarrollo\nodejs\;C:\Program Files\AutoFirma\AutoFirma;C:\ProgramData\Oracle\Java\javapath;C:\Program Files\Common Files\Microsoft Shared\Windows Live;C:\Program Files (x86)\Common Files\Microsoft Shared\Windows Live;C:\WINDOWS\system32;C:\WINDOWS;C:\WINDOWS\System32\Wbem;C:\WINDOWS\System32\WindowsPowerShell\v1.0\;C:\Program Files\Lenovo\Bluetooth Software\;C:\Program Files\Lenovo\Bluetooth Software\syswow64;C:\Program Files (x86)\EgisTec BioExcess\x64;C:\Program Files (x86)\EgisTec BioExcess\;C:\Program Files (x86)\EgisTec Port Locker\x64;C:\Program Files (x86)\EgisTec Port Locker\;C:\Program Files (x86)\Windows Live\Shared;C:\Program Files (x86)\MySQL\MySQL Utilities 1.3.6\;C:\Program Files (x86)\Git\cmd;C:\Program Files (x86)\Skype\Phone\;C:\Program Files\VDownloader;C:\Program Files\nodejs\;C:\Ruby193\bin;C:\Users\Roberto\AppData\Local\Microsoft\WindowsApps;C:\ROBERTO\desarrollo\apache-maven-3.5.0\bin;;C:\ROBERTO\desarrollo\phantomjs-2.1.1\bin;C:\Users\Roberto\AppData\Local\Microsoft\WindowsApps;C:\Users\Roberto\AppData\Roaming\npm;C:\Program Files\JetBrains\IntelliJ IDEA Community Edition 2018.3.1\bin;
USERNAME=Roberto
OS=Windows_NT
PROCESSOR_IDENTIFIER=Intel64 Family 6 Model 42 Stepping 7, GenuineIntel



---------------  S Y S T E M  ---------------

OS: Windows 10.0 , 64 bit Build 18362 (10.0.18362.86)

CPU:total 4 (2 cores per cpu, 2 threads per core) family 6 model 42 stepping 7, cmov, cx8, fxsr, mmx, sse, sse2, sse3, ssse3, sse4.1, sse4.2, popcnt, avx, clmul, ht, tsc, tscinvbit

Memory: 4k page, physical 6203564k(2091552k free), swap 12495020k(4135520k free)

vm_info: Java HotSpot(TM) 64-Bit Server VM (25.60-b23) for windows-amd64 JRE (1.8.0_60-b27), built on Aug  4 2015 11:06:27 by "java_re" with MS VC++ 10.0 (VS2010)

time: Sat Aug 31 17:59:36 2019
elapsed time: 29060 seconds (0d 8h 4m 20s)

